*** Using Compiler 'V5.06 update 6 (build 750)', folder: 'D:\Keil_v5\ARM\ARMCC\Bin'
Rebuild target 'usart'
assembling startup_stm32f103xb.s...
compiling adc.c...
compiling tim.c...
compiling dht11.c...
compiling i2c.c...
compiling rtc.c...
compiling main.c...
compiling oled.c...
compiling gpio.c...
compiling stm32f1xx_hal_gpio_ex.c...
compiling stm32f1xx_hal.c...
compiling stm32f1xx_hal_msp.c...
compiling usart.c...
compiling stm32f1xx_it.c...
compiling stm32f1xx_hal_adc_ex.c...
compiling stm32f1xx_hal_adc.c...
compiling stm32f1xx_hal_rcc.c...
compiling stm32f1xx_hal_rcc_ex.c...
compiling stm32f1xx_hal_dma.c...
compiling stm32f1xx_hal_cortex.c...
compiling stm32f1xx_hal_flash.c...
compiling stm32f1xx_hal_gpio.c...
compiling stm32f1xx_hal_pwr.c...
compiling stm32f1xx_hal_flash_ex.c...
compiling stm32f1xx_hal_exti.c...
compiling stm32f1xx_hal_rtc.c...
compiling stm32f1xx_hal_rtc_ex.c...
compiling system_stm32f1xx.c...
compiling stm32f1xx_hal_i2c.c...
compiling stm32f1xx_hal_uart.c...
compiling stm32f1xx_hal_tim_ex.c...
compiling stm32f1xx_hal_tim.c...
linking...
Program Size: Code=16168 RO-data=2400 RW-data=2908 ZI-data=1652  
FromELF: creating hex file...
"usart\usart.axf" - 0 Error(s), 0 Warning(s).
Build Time Elapsed:  00:00:23
